[    0.000000] Initializing cgroup subsys cpuset
[    0.000000] Initializing cgroup subsys cpu
[    0.000000] Initializing cgroup subsys cpuacct
[    0.000000] Linux version 4.4.0-184-generic (buildd@lgw01-amd64-060) (gcc version 5.4.0 20160609 (Ubuntu 5.4.0-6ubuntu1~16.04.12) ) #214-Ubuntu SMP Thu Jun 4 10:14:11 UTC 2020 (Ubuntu 4.4.0-184.214-generic 4.4.223)
[    0.000000] Command line: BOOT_IMAGE=/boot/vmlinuz-4.4.0-184-generic root=LABEL=cloudimg-rootfs ro console=tty1 console=ttyS0
[    0.000000] KERNEL supported cpus:
[    0.000000]   Intel GenuineIntel
[    0.000000]   AMD AuthenticAMD
[    0.000000]   Centaur CentaurHauls
[    0.000000] x86/fpu: xstate_offset[2]:  576, xstate_sizes[2]:  256
[    0.000000] x86/fpu: Supporting XSAVE feature 0x01: 'x87 floating point registers'
[    0.000000] x86/fpu: Supporting XSAVE feature 0x02: 'SSE registers'
[    0.000000] x86/fpu: Supporting XSAVE feature 0x04: 'AVX registers'
[    0.000000] x86/fpu: Enabled xstate features 0x7, context size is 832 bytes, using 'standard' format.
[    0.000000] e820: BIOS-provided physical RAM map:
[    0.000000] BIOS-e820: [mem 0x0000000000000000-0x000000000009fbff] usable
[    0.000000] BIOS-e820: [mem 0x000000000009fc00-0x000000000009ffff] reserved
[    0.000000] BIOS-e820: [mem 0x00000000000f0000-0x00000000000fffff] reserved
[    0.000000] BIOS-e820: [mem 0x0000000000100000-0x000000003ffeffff] usable
[    0.000000] BIOS-e820: [mem 0x000000003fff0000-0x000000003fffffff] ACPI data
[    0.000000] BIOS-e820: [mem 0x00000000fec00000-0x00000000fec00fff] reserved
[    0.000000] BIOS-e820: [mem 0x00000000fee00000-0x00000000fee00fff] reserved
[    0.000000] BIOS-e820: [mem 0x00000000fffc0000-0x00000000ffffffff] reserved
[    0.000000] NX (Execute Disable) protection: active
[    0.000000] SMBIOS 2.5 present.
[    0.000000] Hypervisor detected: KVM
[    0.000000] e820: last_pfn = 0x3fff0 max_arch_pfn = 0x400000000
[    0.000000] MTRR: Disabled
[    0.000000] x86/PAT: MTRRs disabled, skipping PAT initialization too.
[    0.000000] CPU MTRRs all blank - virtualized system.
[    0.000000] x86/PAT: Configuration [0-7]: WB  WT  UC- UC  WB  WT  UC- UC  
[    0.000000] found SMP MP-table at [mem 0x0009fff0-0x0009ffff] mapped at [ffff88000009fff0]
[    0.000000] Scanning 1 areas for low memory corruption
[    0.000000] RAMDISK: [mem 0x362de000-0x37166fff]
[    0.000000] ACPI: Early table checksum verification disabled
[    0.000000] ACPI: RSDP 0x00000000000E0000 000024 (v02 VBOX  )
[    0.000000] ACPI: XSDT 0x000000003FFF0030 00003C (v01 VBOX   VBOXXSDT 00000001 ASL  00000061)
[    0.000000] ACPI: FACP 0x000000003FFF00F0 0000F4 (v04 VBOX   VBOXFACP 00000001 ASL  00000061)
[    0.000000] ACPI: DSDT 0x000000003FFF0470 002325 (v02 VBOX   VBOXBIOS 00000002 INTL 20100528)
[    0.000000] ACPI: FACS 0x000000003FFF0200 000040
[    0.000000] ACPI: FACS 0x000000003FFF0200 000040
[    0.000000] ACPI: APIC 0x000000003FFF0240 00005C (v02 VBOX   VBOXAPIC 00000001 ASL  00000061)
[    0.000000] ACPI: SSDT 0x000000003FFF02A0 0001CC (v01 VBOX   VBOXCPUT 00000002 INTL 20100528)
[    0.000000] No NUMA configuration found
[    0.000000] Faking a node at [mem 0x0000000000000000-0x000000003ffeffff]
[    0.000000] NODE_DATA(0) allocated [mem 0x3ffeb000-0x3ffeffff]
[    0.000000] kvm-clock: Using msrs 4b564d01 and 4b564d00
[    0.000000] kvm-clock: cpu 0, msr 0:3ffe3001, primary cpu clock
[    0.000000] kvm-clock: using sched offset of 8406685708 cycles
[    0.000000] clocksource: kvm-clock: mask: 0xffffffffffffffff max_cycles: 0x1cd42e4dffb, max_idle_ns: 881590591483 ns
[    0.000000] Zone ranges:
[    0.000000]   DMA      [mem 0x0000000000001000-0x0000000000ffffff]
[    0.000000]   DMA32    [mem 0x0000000001000000-0x000000003ffeffff]
[    0.000000]   Normal   empty
[    0.000000]   Device   empty
[    0.000000] Movable zone start for each node
[    0.000000] Early memory node ranges
[    0.000000]   node   0: [mem 0x0000000000001000-0x000000000009efff]
[    0.000000]   node   0: [mem 0x0000000000100000-0x000000003ffeffff]
[    0.000000] Initmem setup node 0 [mem 0x0000000000001000-0x000000003ffeffff]
[    0.000000] ACPI: PM-Timer IO Port: 0x4008
[    0.000000] IOAPIC[0]: apic_id 2, version 32, address 0xfec00000, GSI 0-23
[    0.000000] ACPI: INT_SRC_OVR (bus 0 bus_irq 0 global_irq 2 dfl dfl)
[    0.000000] ACPI: INT_SRC_OVR (bus 0 bus_irq 9 global_irq 9 low level)
[    0.000000] Using ACPI (MADT) for SMP configuration information
[    0.000000] smpboot: Allowing 2 CPUs, 0 hotplug CPUs
[    0.000000] PM: Registered nosave memory: [mem 0x00000000-0x00000fff]
[    0.000000] PM: Registered nosave memory: [mem 0x0009f000-0x0009ffff]
[    0.000000] PM: Registered nosave memory: [mem 0x000a0000-0x000effff]
[    0.000000] PM: Registered nosave memory: [mem 0x000f0000-0x000fffff]
[    0.000000] e820: [mem 0x40000000-0xfebfffff] available for PCI devices
[    0.000000] Booting paravirtualized kernel on KVM
[    0.000000] clocksource: refined-jiffies: mask: 0xffffffff max_cycles: 0xffffffff, max_idle_ns: 7645519600211568 ns
[    0.000000] setup_percpu: NR_CPUS:512 nr_cpumask_bits:512 nr_cpu_ids:2 nr_node_ids:1
[    0.000000] PERCPU: Embedded 33 pages/cpu @ffff88003fc00000 s95448 r8192 d31528 u1048576
[    0.000000] Built 1 zonelists in Node order, mobility grouping on.  Total pages: 257912
[    0.000000] Policy zone: DMA32
[    0.000000] Kernel command line: BOOT_IMAGE=/boot/vmlinuz-4.4.0-184-generic root=LABEL=cloudimg-rootfs ro console=tty1 console=ttyS0
[    0.000000] PID hash table entries: 4096 (order: 3, 32768 bytes)
[    0.000000] Memory: 997664K/1048120K available (8632K kernel code, 1336K rwdata, 4036K rodata, 1492K init, 1292K bss, 50456K reserved, 0K cma-reserved)
[    0.000000] SLUB: HWalign=64, Order=0-3, MinObjects=0, CPUs=2, Nodes=1
[    0.000000] Kernel/User page tables isolation: enabled
[    0.000000] Hierarchical RCU implementation.
[    0.000000] 	Build-time adjustment of leaf fanout to 64.
[    0.000000] 	RCU restricting CPUs from NR_CPUS=512 to nr_cpu_ids=2.
[    0.000000] RCU: Adjusting geometry for rcu_fanout_leaf=64, nr_cpu_ids=2
[    0.000000] NR_IRQS:33024 nr_irqs:440 16
[    0.000000] Console: colour VGA+ 80x25
[    0.000000] console [tty1] enabled
[    0.000000] console [ttyS0] enabled
[    0.000000] tsc: Detected 2394.460 MHz processor
[    0.533478] Calibrating delay loop (skipped) preset value.. 4788.92 BogoMIPS (lpj=9577840)
[    0.537436] pid_max: default: 32768 minimum: 301
[    0.539505] ACPI: Core revision 20150930
[    0.546332] ACPI: 2 ACPI AML tables successfully acquired and loaded
[    0.549462] Security Framework initialized
[    0.551625] Yama: becoming mindful.
[    0.553714] AppArmor: AppArmor initialized
[    0.556653] Dentry cache hash table entries: 131072 (order: 8, 1048576 bytes)
[    0.566349] Inode-cache hash table entries: 65536 (order: 7, 524288 bytes)
[    0.570810] Mount-cache hash table entries: 2048 (order: 2, 16384 bytes)
[    0.574323] Mountpoint-cache hash table entries: 2048 (order: 2, 16384 bytes)
[    0.578396] Initializing cgroup subsys io
[    0.580961] Initializing cgroup subsys memory
[    0.583375] Initializing cgroup subsys devices
[    0.586080] Initializing cgroup subsys freezer
[    0.589014] Initializing cgroup subsys net_cls
[    0.593185] Initializing cgroup subsys perf_event
[    0.595512] Initializing cgroup subsys net_prio
[    0.597648] Initializing cgroup subsys hugetlb
[    0.600421] Initializing cgroup subsys pids
[    0.604215] mce: CPU supports 0 MCE banks
[    0.606817] Last level iTLB entries: 4KB 64, 2MB 8, 4MB 8
[    0.609529] Last level dTLB entries: 4KB 64, 2MB 0, 4MB 0, 1GB 4
[    0.613025] Spectre V1 : Mitigation: usercopy/swapgs barriers and __user pointer sanitization
[    0.618169] Spectre V2 : Mitigation: Full generic retpoline
[    0.620854] Spectre V2 : Spectre v2 / SpectreRSB mitigation: Filling RSB on context switch
[    0.625102] Speculative Store Bypass: Vulnerable
[    0.627229] SRBDS: Unknown: Dependent on hypervisor status
[    0.629758] MDS: Vulnerable: Clear CPU buffers attempted, no microcode
[    0.639117] Freeing SMP alternatives memory: 36K
[    0.655608] ftrace: allocating 32319 entries in 127 pages
[    0.834153] smpboot: APIC(0) Converting physical 0 to logical package 0
[    0.838010] smpboot: Max logical packages: 1
[    0.840783] x2apic enabled
[    0.843027] Switched APIC routing to physical x2apic.
[    0.848610] ..TIMER: vector=0x30 apic1=0 pin1=2 apic2=-1 pin2=-1
[    0.959645] smpboot: CPU0: Intel(R) Core(TM) i7-5500U CPU @ 2.40GHz (family: 0x6, model: 0x3d, stepping: 0x4)
[    0.966592] Performance Events: unsupported p6 CPU model 61 no PMU driver, software events only.
[    0.997262] KVM setup paravirtual spinlock
[    1.003169] x86: Booting SMP configuration:
[    1.006101] .... node  #0, CPUs:      #1
[    1.008472] kvm-clock: cpu 1, msr 0:3ffe3041, secondary cpu clock
[    1.012735] mce: CPU supports 0 MCE banks
[    1.016976] x86: Booted up 1 node, 2 CPUs
[    1.020098] smpboot: Total of 2 processors activated (9577.84 BogoMIPS)
[    1.024786] devtmpfs: initialized
[    1.043046] evm: security.selinux
[    1.045027] evm: security.SMACK64
[    1.047734] evm: security.SMACK64EXEC
[    1.050116] evm: security.SMACK64TRANSMUTE
[    1.052577] evm: security.SMACK64MMAP
[    1.054493] evm: security.ima
[    1.056768] evm: security.capability
[    1.059661] clocksource: jiffies: mask: 0xffffffff max_cycles: 0xffffffff, max_idle_ns: 7645041785100000 ns
[    1.065073] futex hash table entries: 512 (order: 3, 32768 bytes)
[    1.068517] pinctrl core: initialized pinctrl subsystem
[    1.071781] RTC time: 10:17:29, date: 06/24/20
[    1.074932] NET: Registered protocol family 16
[    1.090308] cpuidle: using governor ladder
[    1.106145] cpuidle: using governor menu
[    1.108293] PCCT header not found.
[    1.110315] ACPI: bus type PCI registered
[    1.112409] acpiphp: ACPI Hot Plug PCI Controller Driver version: 0.5
[    1.115411] PCI: Using configuration type 1 for base access
[    1.131911] ACPI: Added _OSI(Module Device)
[    1.134343] ACPI: Added _OSI(Processor Device)
[    1.136468] ACPI: Added _OSI(3.0 _SCP Extensions)
[    1.140233] ACPI: Added _OSI(Processor Aggregator Device)
[    1.146419] ACPI: Executed 1 blocks of module-level executable AML code
[    1.158323] ACPI: Interpreter enabled
[    1.160189] ACPI: (supports S0 S5)
[    1.162600] ACPI: Using IOAPIC for interrupt routing
[    1.166408] PCI: Using host bridge windows from ACPI; if necessary, use "pci=nocrs" and report a bug
[    1.183733] ACPI: PCI Root Bridge [PCI0] (domain 0000 [bus 00-ff])
[    1.186280] acpi PNP0A03:00: _OSC: OS supports [ASPM ClockPM Segments MSI]
[    1.189975] acpi PNP0A03:00: _OSC: not requesting OS control; OS requires [ExtendedConfig ASPM ClockPM MSI]
[    1.194346] acpi PNP0A03:00: fail to add MMCONFIG information, can't access extended PCI configuration space under this bridge.
[    1.202761] PCI host bridge to bus 0000:00
[    1.205062] pci_bus 0000:00: root bus resource [io  0x0000-0x0cf7 window]
[    1.208136] pci_bus 0000:00: root bus resource [io  0x0d00-0xffff window]
[    1.210833] pci_bus 0000:00: root bus resource [mem 0x000a0000-0x000bffff window]
[    1.214831] pci_bus 0000:00: root bus resource [mem 0x40000000-0xfdffffff window]
[    1.218305] pci_bus 0000:00: root bus resource [bus 00-ff]
[    1.224211] pci 0000:00:01.1: legacy IDE quirk: reg 0x10: [io  0x01f0-0x01f7]
[    1.227024] pci 0000:00:01.1: legacy IDE quirk: reg 0x14: [io  0x03f6]
[    1.229842] pci 0000:00:01.1: legacy IDE quirk: reg 0x18: [io  0x0170-0x0177]
[    1.263387] pci 0000:00:01.1: legacy IDE quirk: reg 0x1c: [io  0x0376]
[    1.294982] pci 0000:00:07.0: quirk: [io  0x4000-0x403f] claimed by PIIX4 ACPI
[    1.298560] pci 0000:00:07.0: quirk: [io  0x4100-0x410f] claimed by PIIX4 SMB
[    1.320970] ACPI: PCI Interrupt Link [LNKA] (IRQs 5 9 10 *11)
[    1.325979] ACPI: PCI Interrupt Link [LNKB] (IRQs 5 9 *10 11)
[    1.330168] ACPI: PCI Interrupt Link [LNKC] (IRQs 5 *9 10 11)
[    1.334040] ACPI: PCI Interrupt Link [LNKD] (IRQs 5 9 10 *11)
[    1.337623] ACPI: Enabled 2 GPEs in block 00 to 07
[    1.340626] vgaarb: setting as boot device: PCI:0000:00:02.0
[    1.343270] vgaarb: device added: PCI:0000:00:02.0,decodes=io+mem,owns=io+mem,locks=none
[    1.347382] vgaarb: loaded
[    1.348921] vgaarb: bridge control possible 0000:00:02.0
[    1.351855] SCSI subsystem initialized
[    1.354105] ACPI: bus type USB registered
[    1.356181] usbcore: registered new interface driver usbfs
[    1.358706] usbcore: registered new interface driver hub
[    1.361147] usbcore: registered new device driver usb
[    1.364025] PCI: Using ACPI for IRQ routing
[    1.372171] NetLabel: Initializing
[    1.374319] NetLabel:  domain hash size = 128
[    1.376614] NetLabel:  protocols = UNLABELED CIPSOv4
[    1.378943] NetLabel:  unlabeled traffic allowed by default
[    1.381660] amd_nb: Cannot enumerate AMD northbridges
[    1.384204] clocksource: Switched to clocksource kvm-clock
[    1.411381] AppArmor: AppArmor Filesystem Enabled
[    1.413962] pnp: PnP ACPI init
[    1.417508] pnp: PnP ACPI: found 3 devices
[    1.432796] clocksource: acpi_pm: mask: 0xffffff max_cycles: 0xffffff, max_idle_ns: 2085701024 ns
[    1.438421] NET: Registered protocol family 2
[    1.441456] TCP established hash table entries: 8192 (order: 4, 65536 bytes)
[    1.444989] TCP bind hash table entries: 8192 (order: 5, 131072 bytes)
[    1.449034] TCP: Hash tables configured (established 8192 bind 8192)
[    1.452338] UDP hash table entries: 512 (order: 2, 16384 bytes)
[    1.455473] UDP-Lite hash table entries: 512 (order: 2, 16384 bytes)
[    1.459059] NET: Registered protocol family 1
[    1.462231] pci 0000:00:00.0: Limiting direct PCI/PCI transfers
[    1.465568] pci 0000:00:01.0: Activating ISA DMA hang workarounds
[    1.469397] Unpacking initramfs...
[    2.114232] Freeing initrd memory: 14884K
[    2.117393] RAPL PMU detected, API unit is 2^-32 Joules, 4 fixed counters 10737418240 ms ovfl timer
[    2.123607] hw unit of domain pp0-core 2^-0 Joules
[    2.126698] hw unit of domain package 2^-0 Joules
[    2.129502] hw unit of domain dram 2^-0 Joules
[    2.132888] hw unit of domain pp1-gpu 2^-0 Joules
[    2.136415] clocksource: tsc: mask: 0xffffffffffffffff max_cycles: 0x2283c649547, max_idle_ns: 440795304016 ns
[    2.143574] platform rtc_cmos: registered platform RTC device (no PNP device found)
[    2.149216] Scanning for low memory corruption every 60 seconds
[    2.154411] audit: initializing netlink subsys (disabled)
[    2.157549] audit: type=2000 audit(1592993859.683:1): initialized
[    2.161924] Initialise system trusted keyring
[    2.165150] HugeTLB registered 2 MB page size, pre-allocated 0 pages
[    2.173641] zbud: loaded
[    2.176944] VFS: Disk quotas dquot_6.6.0
[    2.179415] VFS: Dquot-cache hash table entries: 512 (order 0, 4096 bytes)
[    2.183304] squashfs: version 4.0 (2009/01/31) Phillip Lougher
[    2.186867] fuse init (API version 7.23)
[    2.189464] Key type big_key registered
[    2.191744] Allocating IMA MOK and blacklist keyrings.
[    2.196169] Key type asymmetric registered
[    2.199014] Asymmetric key parser 'x509' registered
[    2.201963] Block layer SCSI generic (bsg) driver version 0.4 loaded (major 249)
[    2.206768] io scheduler noop registered
[    2.209402] io scheduler deadline registered (default)
[    2.213003] io scheduler cfq registered
[    2.216113] pci_hotplug: PCI Hot Plug PCI Core version: 0.5
[    2.219602] pciehp: PCI Express Hot Plug Controller Driver version: 0.4
[    2.223044] ACPI: AC Adapter [AC] (on-line)
[    2.225102] input: Power Button as /devices/LNXSYSTM:00/LNXPWRBN:00/input/input0
[    2.229037] ACPI: Power Button [PWRF]
[    2.231050] input: Sleep Button as /devices/LNXSYSTM:00/LNXSLPBN:00/input/input1
[    2.234874] ACPI: Sleep Button [SLPF]
[    2.237044] GHES: HEST is not enabled!
[    2.240518] ACPI: Battery Slot [BAT0] (battery present)
[    2.242869] Serial: 8250/16550 driver, 32 ports, IRQ sharing enabled
[    2.267091] 00:02: ttyS0 at I/O 0x3f8 (irq = 4, base_baud = 115200) is a 16550A
[    2.274083] Linux agpgart interface v0.103
[    2.279023] loop: module loaded
[    2.282015] scsi host0: ata_piix
[    2.284040] scsi host1: ata_piix
[    2.285886] ata1: PATA max UDMA/33 cmd 0x1f0 ctl 0x3f6 bmdma 0xd000 irq 14
[    2.288786] ata2: PATA max UDMA/33 cmd 0x170 ctl 0x376 bmdma 0xd008 irq 15
[    2.292396] libphy: Fixed MDIO Bus: probed
[    2.294847] tun: Universal TUN/TAP device driver, 1.6
[    2.297166] tun: (C) 1999-2004 Max Krasnyansky <maxk@qualcomm.com>
[    2.300000] PPP generic driver version 2.4.2
[    2.302154] ehci_hcd: USB 2.0 'Enhanced' Host Controller (EHCI) Driver
[    2.304878] ehci-pci: EHCI PCI platform driver
[    2.306971] ehci-platform: EHCI generic platform driver
[    2.309235] ohci_hcd: USB 1.1 'Open' Host Controller (OHCI) Driver
[    2.312574] ohci-pci: OHCI PCI platform driver
[    2.315026] ohci-platform: OHCI generic platform driver
[    2.317429] uhci_hcd: USB Universal Host Controller Interface driver
[    2.320289] i8042: PNP: PS/2 Controller [PNP0303:PS2K,PNP0f03:PS2M] at 0x60,0x64 irq 1,12
[    2.324895] serio: i8042 KBD port at 0x60,0x64 irq 1
[    2.327296] serio: i8042 AUX port at 0x60,0x64 irq 12
[    2.330089] mousedev: PS/2 mouse device common for all mice
[    2.333565] input: AT Translated Set 2 keyboard as /devices/platform/i8042/serio0/input/input2
[    2.337912] rtc_cmos rtc_cmos: rtc core: registered rtc_cmos as rtc0
[    2.340791] rtc_cmos rtc_cmos: alarms up to one day, 114 bytes nvram
[    2.343675] i2c /dev entries driver
[    2.345738] device-mapper: uevent: version 1.0.3
[    2.348032] device-mapper: ioctl: 4.34.0-ioctl (2015-10-28) initialised: dm-devel@redhat.com
[    2.352307] ledtrig-cpu: registered to indicate activity on CPUs
[    2.355456] NET: Registered protocol family 10
[    2.358069] NET: Registered protocol family 17
[    2.360358] Key type dns_resolver registered
[    2.363685] registered taskstats version 1
[    2.366442] Loading compiled-in X.509 certificates
[    2.370346] Loaded X.509 cert 'Build time autogenerated kernel key: b6ae09eed57f82583ccd3c65c463e852cdd7a0b5'
[    2.375680] zswap: loaded using pool lzo/zbud
[    2.381408] Key type trusted registered
[    2.389985] Key type encrypted registered
[    2.392049] AppArmor: AppArmor sha1 policy hashing enabled
[    2.394646] ima: No TPM chip found, activating TPM-bypass!
[    2.397885] ima: Allocated hash algorithm: sha1
[    2.400424] evm: HMAC attrs: 0x1
[    2.402949]   Magic number: 8:582:275
[    2.404734] tty tty12: hash matches
[    2.407073] rtc_cmos rtc_cmos: setting system clock to 2020-06-24 10:17:30 UTC (1592993850)
[    2.411117] BIOS EDD facility v0.16 2004-Jun-25, 0 devices found
[    2.414727] EDD information not available.
[    2.479345] Freeing unused kernel memory: 1492K
[    2.481854] Write protecting the kernel read-only data: 14336k
[    2.485649] Freeing unused kernel memory: 1596K
[    2.488290] Freeing unused kernel memory: 60K
Loading, please wait...
starting version 229
[    2.518091] random: systemd-udevd: uninitialized urandom read (16 bytes read, 5 bits of entropy available)
[    2.519978] random: udevadm: uninitialized urandom read (16 bytes read, 5 bits of entropy available)
[    2.520026] random: udevadm: uninitialized urandom read (16 bytes read, 5 bits of entropy available)
[    2.537557] random: systemd-udevd: uninitialized urandom read (16 bytes read, 5 bits of entropy available)
[    2.543722] random: udevadm: uninitialized urandom read (16 bytes read, 5 bits of entropy available)
[    2.543772] random: systemd-udevd: uninitialized urandom read (16 bytes read, 5 bits of entropy available)
[    2.543810] random: systemd-udevd: uninitialized urandom read (16 bytes read, 5 bits of entropy available)
[    2.546366] random: systemd-udevd: uninitialized urandom read (16 bytes read, 5 bits of entropy available)
[    2.546406] random: systemd-udevd: uninitialized urandom read (16 bytes read, 5 bits of entropy available)
[    2.546424] random: systemd-udevd: uninitialized urandom read (16 bytes read, 5 bits of entropy available)
[    2.671160] e1000: Intel(R) PRO/1000 Network Driver - version 7.3.21-k8-NAPI
[    2.675693] e1000: Copyright (c) 1999-2006 Intel Corporation.
[    2.682623] Fusion MPT base driver 3.04.20
[    2.684987] Copyright (c) 1999-2008 LSI Corporation
[    2.727677] AVX2 version of gcm_enc/dec engaged.
[    2.730539] AES CTR mode by8 optimization enabled
[    2.740265] Fusion MPT SPI Host driver 3.04.20
[    2.926377] input: ImExPS/2 Generic Explorer Mouse as /devices/platform/i8042/serio1/input/input4
[    3.621378] e1000 0000:00:03.0 eth0: (PCI:33MHz:32-bit) 02:89:fa:04:16:8f
[    3.627075] e1000 0000:00:03.0 eth0: Intel(R) PRO/1000 Network Connection
[    3.635107] mptbase: ioc0: Initiating bringup
[    4.219482] ioc0: LSI53C1030 A0: Capabilities={Initiator}
[    6.057198] scsi host2: ioc0: LSI53C1030 A0, FwRev=00000000h, Ports=1, MaxQ=256, IRQ=20
[    7.186466] scsi 2:0:0:0: Direct-Access     VBOX     HARDDISK         1.0  PQ: 0 ANSI: 5
[    7.205563] scsi target2:0:0: Beginning Domain Validation
[    7.213694] scsi target2:0:0: Domain Validation skipping write tests
[    7.220588] scsi target2:0:0: Ending Domain Validation
[    7.264467] scsi target2:0:0: asynchronous
[    7.268493] scsi 2:0:1:0: Direct-Access     VBOX     HARDDISK         1.0  PQ: 0 ANSI: 5
[    7.273538] scsi target2:0:1: Beginning Domain Validation
[    7.279150] scsi target2:0:1: Domain Validation skipping write tests
[    7.283923] scsi target2:0:1: Ending Domain Validation
[    7.287213] scsi target2:0:1: asynchronous
[    7.314139] sd 2:0:0:0: Attached scsi generic sg0 type 0
[    7.318285] sd 2:0:1:0: Attached scsi generic sg1 type 0
[    7.321487] sd 2:0:0:0: [sda] 20971520 512-byte logical blocks: (10.7 GB/10.0 GiB)
[    7.327693] sd 2:0:0:0: [sda] Write Protect is off
[    7.327856] sd 2:0:1:0: [sdb] 20480 512-byte logical blocks: (10.5 MB/10.0 MiB)
[    7.335848] sd 2:0:0:0: [sda] Incomplete mode parameter data
[    7.339270] sd 2:0:0:0: [sda] Assuming drive cache: write through
[    7.344549] sd 2:0:1:0: [sdb] Write Protect is off
[    7.347708] sd 2:0:1:0: [sdb] Incomplete mode parameter data
[    7.350612] sd 2:0:1:0: [sdb] Assuming drive cache: write through
[    7.362291]  sda: sda1
[    7.365739] sd 2:0:0:0: [sda] Attached SCSI disk
[    7.381086] sd 2:0:1:0: [sdb] Attached SCSI disk
[    7.712755] e1000 0000:00:08.0 eth1: (PCI:33MHz:32-bit) 08:00:27:ce:06:dd
[    7.716433] e1000 0000:00:08.0 eth1: Intel(R) PRO/1000 Network Connection
[    7.721808] e1000 0000:00:03.0 enp0s3: renamed from eth0
[    7.732571] e1000 0000:00:08.0 enp0s8: renamed from eth1
Begin: Loading essential drivers ... [    9.831941] md: linear personality registered for level -1
[    9.838785] md: multipath personality registered for level -4
[    9.845774] md: raid0 personality registered for level 0
[    9.855836] md: raid1 personality registered for level 1
[    9.932759] raid6: sse2x1   gen()  2129 MB/s
[   10.000337] raid6: sse2x1   xor()  1474 MB/s
[   10.068503] raid6: sse2x2   gen()  3639 MB/s
[   10.136705] raid6: sse2x2   xor()  2753 MB/s
[   10.204292] raid6: sse2x4   gen()  5795 MB/s
[   10.272868] raid6: sse2x4   xor()  3314 MB/s
[   10.344358] raid6: avx2x1   gen()  4164 MB/s
[   10.412357] raid6: avx2x2   gen()  6529 MB/s
[   10.480556] raid6: avx2x4   gen()  7407 MB/s
[   10.483329] raid6: using algorithm avx2x4 gen() 7407 MB/s
[   10.486939] raid6: using avx2x2 recovery algorithm
[   10.492324] xor: automatically using best checksumming function:
[   10.536490]    avx       : 14849.000 MB/sec
[   10.540710] async_tx: api initialized (async)
[   10.562248] md: raid6 personality registered for level 6
[   10.565421] md: raid5 personality registered for level 5
[   10.567757] md: raid4 personality registered for level 4
[   10.589816] md: raid10 personality registered for level 10
done.
Begin: Running /scripts/init-premount ... done.
Begin: Mounting root file system ... Begin: Running /scripts/local-top ... done.
Begin: Running /scripts/local-premount ... [   10.667345] Btrfs loaded
Scanning for Btrfs filesystems
done.
Warning: fsck not present, so skipping root file system
[   10.920837] EXT4-fs (sda1): mounted filesystem with ordered data mode. Opts: (null)
done.
Begin: Running /scripts/local-bottom ... done.
Begin: Running /scripts/init-bottom ... done.
[   11.352089] random: nonblocking pool is initialized
[   12.265097] systemd[1]: systemd 229 running in system mode. (+PAM +AUDIT +SELINUX +IMA +APPARMOR +SMACK +SYSVINIT +UTMP +LIBCRYPTSETUP +GCRYPT +GNUTLS +ACL +XZ -LZ4 +SECCOMP +BLKID +ELFUTILS +KMOD -IDN)
[   12.275026] systemd[1]: Detected virtualization oracle.
[   12.277458] systemd[1]: Detected architecture x86-64.

Welcome to [1mUbuntu 16.04.6 LTS[0m!

[   12.334466] systemd[1]: Set hostname to <ubuntu>.
[   12.383732] systemd[1]: Initializing machine ID from random generator.
[   12.387007] systemd[1]: Installed transient /etc/machine-id file.
[   14.521417] systemd[1]: Reached target Swap.
[[0;32m  OK  [0m] Reached target Swap.
[   14.528617] systemd[1]: Created slice System Slice.
[[0;32m  OK  [0m] Created slice System Slice.
[   14.534335] systemd[1]: Created slice system-serial\x2dgetty.slice.
[[0;32m  OK  [0m] Created slice system-serial\x2dgetty.slice.
[   14.540290] systemd[1]: Reached target Encrypted Volumes.
[[0;32m  OK  [0m] Reached target Encrypted Volumes.
[   14.545675] systemd[1]: Listening on LVM2 metadata daemon socket.
[[0;32m  OK  [0m] Listening on LVM2 metadata daemon socket.
[   14.551165] systemd[1]: Reached target System Time Synchronized.
[[0;32m  OK  [0m] Reached target System Time Synchronized.
[   14.556697] systemd[1]: Listening on udev Control Socket.
[[0;32m  OK  [0m] Listening on udev Control Socket.
[   14.562447] systemd[1]: Reached target User and Group Name Lookups.
[[0;32m  OK  [0m] Reached target User and Group Name Lookups.
[   14.568604] systemd[1]: Listening on Device-mapper event daemon FIFOs.
[[0;32m  OK  [0m] Listening on Device-mapper event daemon FIFOs.
[   14.574603] systemd[1]: Listening on udev Kernel Socket.
[[0;32m  OK  [0m] Listening on udev Kernel Socket.
[   14.579710] systemd[1]: Listening on LVM2 poll daemon socket.
[[0;32m  OK  [0m] Listening on LVM2 poll daemon socket.
[   14.585996] systemd[1]: Set up automount Arbitrary Executable File Formats File System Automount Point.
[[0;32m  OK  [0m] Set up automount Arbitrary Executab...ats File System Automount Point.
[   14.595485] systemd[1]: Started Trigger resolvconf update for networkd DNS.
[[0;32m  OK  [0m] Started Trigger resolvconf update for networkd DNS.
[   14.608838] systemd[1]: Listening on /dev/initctl Compatibility Named Pipe.
[[0;32m  OK  [0m] Listening on /dev/initctl Compatibility Named Pipe.
[   14.615882] systemd[1]: Listening on Journal Socket (/dev/log).
[[0;32m  OK  [0m] Listening on Journal Socket (/dev/log).
[   14.622217] systemd[1]: Started Forward Password Requests to Wall Directory Watch.
[[0;32m  OK  [0m] Started Forward Password Requests to Wall Directory Watch.
[   14.630042] systemd[1]: Listening on Journal Audit Socket.
[[0;32m  OK  [0m] Listening on Journal Audit Socket.
[   14.635180] systemd[1]: Listening on Journal Socket.
[[0;32m  OK  [0m] Listening on Journal Socket.
[   14.693157] systemd[1]: Starting Load Kernel Modules...
         Starting Load Kernel Modules...
[   14.700192] systemd[1]: Starting Remount Root and Kernel File Systems...
         Starting Remount Root and Kernel File Systems...
[   14.706998] systemd[1]: Starting Monitoring of LVM2 mirrors, snapshots etc. using dmeventd or progress polling...
         Starting Monitoring of LVM2 mirrors... dmeventd or progress polling...
[   14.781223] systemd[1]: Starting Set console keymap...
         Starting Set console keymap...
[   14.786978] systemd[1]: Mounting POSIX Message Queue File System...
         Mounting POSIX Message Queue File System...
[   14.794490] EXT4-fs (sda1): re-mounted. Opts: (null)
[   14.795952] systemd[1]: Starting Create list of required static device nodes for the current kernel...
         Starting Create list of required st... nodes for the current kernel...
[   14.805822] systemd[1]: Starting Uncomplicated firewall...
         Starting Uncomplicated firewall...
[   14.813770] systemd[1]: Mounting Debug File System...
         Mounting Debug File System...
[   14.820393] systemd[1]: Starting Nameserver information manager...
         Starting Nameserver information manager...
[   14.827310] systemd[1]: Created slice User and Session Slice.
[[0;32m  OK  [0m] Created slice User and Session Slice.
[   14.832296] systemd[1]: Reached target Slices.
[[0;32m  OK  [0m] Reached target Slices.
[   14.837313] systemd[1]: Mounting Huge Pages File System...
         Mounting Huge Pages File System...
[   14.841918] systemd[1]: Listening on Syslog Socket.
[[0;32m  OK  [0m] Listening on Syslog Socket.
[   14.847750] systemd[1]: Starting Journal Service...
         Starting Journal Service...
[   14.856455] systemd[1]: Mounted Huge Pages File System.
[[0;32m  OK  [0m] Mounted Huge Pages File System.
[   14.861443] systemd[1]: Mounted POSIX Message Queue File System.
[[0;32m  OK  [0m] Mounted POSIX Message Queue File System.
[   14.867552] systemd[1]: Mounted Debug File System.
[[0;32m  OK  [0m] Mounted Debug File System.
[   14.872419] systemd[1]: Started Remount Root and Kernel File Systems.
[[0;32m  OK  [0m] Started Remount Root and Kernel File Systems.
[   14.928729] systemd[1]: Starting udev Coldplug all Devices...
         Starting udev Coldplug all Devices...
[   14.934768] systemd[1]: Starting Load/Save Random Seed...
         Starting Load/Save Random Seed...
[   14.940429] systemd[1]: Started Nameserver information manager.
[[0;32m  OK  [0m] Started Nameserver information manager.
[   15.045859] systemd[1]: Started Create list of required static device nodes for the current kernel.
[[0;32m  OK  [0m] Started Create list of required sta...ce nodes for the current kernel.
[   15.069308] systemd[1]: Starting Create Static Device Nodes in /dev...
         Starting Create Static Device Nodes in /dev...
[   15.076739] systemd[1]: Started Uncomplicated firewall.
[[0;32m  OK  [0m] Started Uncomplicated firewall.
[   15.119822] systemd[1]: Started Load/Save Random Seed.
[[0;32m  OK  [0m] Started Load/Save Random Seed.
[   15.209163] Loading iSCSI transport class v2.0-870.
[   15.236344] systemd[1]: Started udev Coldplug all Devices.
[[0;32m  OK  [0m] Started udev Coldplug all Devices.
[   15.330908] systemd[1]: Started Set console keymap.
[[0;32m  OK  [0m] Started Set console keymap.
[   15.353516] iscsi: registered transport (tcp)
[   15.585182] systemd[1]: Started LVM2 metadata daemon.
[[0;32m  OK  [0m] Started LVM2 metadata daemon.
[   15.655867] systemd[1]: Started Journal Service.
[[0;32m  OK  [0m] Started Journal Service.
         Starting Flush Journal to Persistent Storage...
[   15.830854] systemd-journald[390]: Received request to flush runtime journal from PID 1
[[0;32m  OK  [0m] Started Flush Journal to Persistent Storage.
[[0;32m  OK  [0m] Started Monitoring of LVM2 mirrors,...ng dmeventd or progress polling.
[   16.087280] iscsi: registered transport (iser)
[[0;32m  OK  [0m] Started Load Kernel Modules.
         Mounting FUSE Control File System...
         Starting Apply Kernel Variables...
[[0;32m  OK  [0m] Mounted FUSE Control File System.
[[0;32m  OK  [0m] Started Create Static Device Nodes in /dev.
         Starting udev Kernel Device Manager...
[[0;32m  OK  [0m] Reached target Local File Systems (Pre).
[[0;32m  OK  [0m] Reached target Local File Systems.
         Starting Set console font and keymap...
         Starting Commit a transient machine-id on disk...
         Starting Initial cloud-init job (pre-networking)...
         Starting LSB: AppArmor initialization...
         Starting Create Volatile Files and Directories...
         Starting Tell Plymouth To Write Out Runtime Data...
[[0;32m  OK  [0m] Started Commit a transient machine-id on disk.
[[0;32m  OK  [0m] Started Create Volatile Files and Directories.
         Starting Update UTMP about System Boot/Shutdown...
[[0;32m  OK  [0m] Started Tell Plymouth To Write Out Runtime Data.
[[0;32m  OK  [0m] Started Update UTMP about System Boot/Shutdown.
[[0;32m  OK  [0m] Started Apply Kernel Variables.
[[0;32m  OK  [0m] Started udev Kernel Device Manager.
[[0;32m  OK  [0m] Started Dispatch Password Requests to Console Directory Watch.
[[0;32m  OK  [0m] Started Set console font and keymap.
[[0;32m  OK  [0m] Created slice system-getty.slice.
[[0;32m  OK  [0m] Found device /dev/ttyS0.
[[0;32m  OK  [0m] Listening on Load/Save RF Kill Switch Status /dev/rfkill Watch.
[[0;32m  OK  [0m] Started LSB: AppArmor initialization.
[   27.691320] cloud-init[453]: Cloud-init v. 19.4-33-gbb4131a2-0ubuntu1~16.04.1 running 'init-local' at Wed, 24 Jun 2020 10:17:55 +0000. Up 26.58 seconds.
[[0;32m  OK  [0m] Started Initial cloud-init job (pre-networking).
[[0;32m  OK  [0m] Reached target Network (Pre).
         Starting Raise network interfaces...
[[0;32m  OK  [0m] Started Raise network interfaces.
[[0;32m  OK  [0m] Reached target Network.
         Starting Initial cloud-init job (metadata service crawler)...
[   31.877416] cloud-init[953]: Cloud-init v. 19.4-33-gbb4131a2-0ubuntu1~16.04.1 running 'init' at Wed, 24 Jun 2020 10:17:57 +0000. Up 29.18 seconds.
[   31.882471] cloud-init[953]: ci-info: ++++++++++++++++++++++++++++++++++++++Net device info+++++++++++++++++++++++++++++++++++++++
[   31.897255] cloud-init[953]: ci-info: +--------+-------+----------------------------+---------------+--------+-------------------+
[   31.901600] cloud-init[953]: ci-info: | Device |   Up  |          Address           |      Mask     | Scope  |     Hw-Address    |
[   31.906562] cloud-init[953]: ci-info: +--------+-------+----------------------------+---------------+--------+-------------------+
[   31.910950] cloud-init[953]: ci-info: | enp0s3 |  True |         10.0.2.15          | 255.255.255.0 | global | 02:89:fa:04:16:8f |
[   31.916613] cloud-init[953]: ci-info: | enp0s3 |  True | fe80::89:faff:fe04:168f/64 |       .       |  link  | 02:89:fa:04:16:8f |
[   31.921972] cloud-init[953]: ci-info: | enp0s8 | False |             .              |       .       |   .    | 08:00:27:ce:06:dd |
[   31.929223] cloud-init[953]: ci-info: |   lo   |  True |         127.0.0.1          |   255.0.0.0   |  host  |         .         |
[   31.935017] cloud-init[953]: ci-info: |   lo   |  True |          ::1/128           |       .       |  host  |         .         |
[   31.940532] cloud-init[953]: ci-info: +--------+-------+----------------------------+---------------+--------+-------------------+
[   31.945580] cloud-init[953]: ci-info: +++++++++++++++++++++++++++Route IPv4 info++++++++++++++++++++++++++++
[   31.950306] cloud-init[953]: ci-info: +-------+-------------+----------+---------------+-----------+-------+
[   31.954433] cloud-init[953]: ci-info: | Route | Destination | Gateway  |    Genmask    | Interface | Flags |
[   31.958342] cloud-init[953]: ci-info: +-------+-------------+----------+---------------+-----------+-------+
[   31.962242] cloud-init[953]: ci-info: |   0   |   0.0.0.0   | 10.0.2.2 |    0.0.0.0    |   enp0s3  |   UG  |
[   31.966167] cloud-init[953]: ci-info: |   1   |   10.0.2.0  | 0.0.0.0  | 255.255.255.0 |   enp0s3  |   U   |
[   31.970640] cloud-init[953]: ci-info: +-------+-------------+----------+---------------+-----------+-------+
[   31.975173] [[0;32m  OK  [0m] Started Initial cloud-init job (metadata service crawler).
[[0;32m  OK  [0m] Reached target Network is Online.
cloud-init[953]: ci-info: +++++++++++++++++++Route IPv6 info+++++++++++++++++++
[   31.982245] cloud-init[953]: ci-info: +-------+-------------+---------+-----------+-------+
[   31.985658] cloud-init[953]: ci-info: | Route | Destination | Gateway | Interface | Flags |
[   31.989604] cloud-init[953]: ci-info: +-------+-------------+---------+-----------+-------+
         Starting iSCSI initiator daemon (iscsid)...
[   31.994152] [[0;32m  OK  [0m] Reached target Cloud-config availability.
[[0;32m  OK  [0m] Reached target System Initialization.
[[0;32m  OK  [0m] Started Daily Cleanup of Temporary Directories.
[[0;32m  OK  [0m] Listening on D-Bus System Message Bus Socket.
[[0;32m  OK  [0m] Started Message of the Day.
         Starting Socket activation for snappy daemon.
cloud-init[953]: ci-info: |   0   |  fe80::/64  |    ::   |   enp0s3  |   U   |
[   32.006107] cloud-init[953]: ci-info: |   3   |   ff00::/8  |    ::   |   enp0s3  |   U   |
[   32.008992] cloud-init[953]: ci-info: +-------+-------------+---------+-----------+-------+
[   32.011964] cloud-init[953]: Generating public/private rsa key pair.[[0;32m  OK  [0m] Started ACPI Events Check.
[[0;32m  OK  [0m] Reached target Paths.
[[0;32m  OK  [0m] Started Daily apt download activities.
[[0;32m  OK  [0m] Listening on UUID daemon activation socket.
[[0;32m  OK  [0m] Listening on ACPID Listen Socket.

[   32.021434] cloud-init[953]: Your identification has been saved in /etc/ssh/ssh_host_rsa_key.
[   32.023972] cloud-init[953]: Your public key has been saved in /etc/ssh/ssh_host_rsa_key.pub.
[   32.026539] cloud-init[953]: The key fingerprint is:
[   32.028532] cloud-init[953]: SHA256:RUZ/FihP0ckPCLQhAGbEV16799JqmgaqT/YyuV6sNCQ root@ubuntu-xenial
[   32.031453] cloud-init[953]: The key's randomart image is:
[   32.033484] cloud-init[953]: +---[RSA 2048]----+
[   32.035306] cloud-init[953]: |   o=..oooO..*.. |
[   32.037432] cloud-init[953]: |   o. .. =.=+ =. |
[   32.039397] cloud-init[953]: |     .  . ++. oo |
[   32.041298] cloud-init[953]: |         . ..o  .|
[   32.043530] cloud-init[953]: |    E . S . .    |
[   32.045431] cloud-init[953]: |     o ..  . o   |
[   32.047380] cloud-init[953]:          Starting LXD - unix socket.
[[0;32m  OK  [0m] Started Daily apt upgrade and clean activities.
[[0;32m  OK  [0m] Reached target Timers.
[[0;32m  OK  [0m] Listening on Socket activation for snappy daemon.
|      =oo.  . o  |[[0;32m  OK  [0m] Listening on LXD - unix socket.
[[0;32m  OK  [0m] Reached target Sockets.
[[0;32m  OK  [0m] Reached target Basic System.

[   32.059290] cloud-init[953]: |     +==  ...o   |
[   32.118784] cloud-init[953]: |    .+=+..oo.    |
         Starting System Logging Service...
[   32.128561] cloud-init[953]: +----[SHA256]-----+
[   32.138229] cloud-init[953]: Generating public/private dsa key pair.
[   32.148591] cloud-init[953]: Your identification has been saved in /etc/ssh/ssh_host_dsa_key.
[   32.153621] cloud-init[953]: Your public key has been saved in /etc/ssh/ssh_host_dsa_key.pub.
[   32.158131] cloud-init[953]: The key fingerprint is:         Starting Pollinate to seed the pseudo random number generator...

[   32.163635] cloud-init[953]: [[0;32m  OK  [0m] Started D-Bus System Message Bus.
SHA256:2fAY8HLYfo5v8CiEdUBMBgo75d9vL/KbxmccQTP9ggg root@ubuntu-xenial
[   32.170573] cloud-init[953]: The key's randomart image is:
[   32.174398] cloud-init[953]: +---[DSA 1024]----+
[   32.177182] cloud-init[953]: |. . .==    .     |
[   32.179889] cloud-init[953]: | = . .E=  + .    |
[   32.182191] cloud-init[953]: |o o   oo*o + .   |
[   32.184023] cloud-init[953]: | . . ..+oBo . .  |
[   32.185992] cloud-init[953]: |    .o..S +. .   |
[   32.187783] cloud-init[953]: |    . ...+.      |
[   32.189683] cloud-init[953]: |     . .+=..     |
[   32.191526] cloud-init[953]: |      o.=+*      |
[   32.193501] cloud-init[953]: |       =+*o      |
[   32.195300] cloud-init[953]: +----[SHA256]-----+
[   32.197108] cloud-init[953]: Generating public/private ecdsa key pair.
[   32.199267] cloud-init[953]: Your identification has been saved in /etc/ssh/ssh_host_ecdsa_key.
[   32.201901] cloud-init[953]: Your public key has been saved in /etc/ssh/ssh_host_ecdsa_key.pub.
[   32.204513] cloud-init[953]: The key fingerprint is:
[   32.206437] cloud-init[953]: SHA256:fmy4ozRo9XFbz1PbHX5/BsXXHi9QzCc+/Es5xxjFxls root@ubuntu-xenial
[   32.209166] cloud-init[953]: The key's randomart image is:
[   32.211787] cloud-init[953]: +---[ECDSA 256]---+
[   32.213544] cloud-init[953]: |             o o |
[   32.215462] cloud-init[953]: |              = E|
[   32.217314] cloud-init[953]: |             + *+|
[   32.219271] cloud-init[953]: |            . =o=|
[   32.221314] cloud-init[953]: |      . S . .. X*|
[   32.223553] cloud-init[953]: |     o o = o o==@|
[   32.225542] cloud-init[953]: |    o o + =   ==B|
[   32.228250] cloud-init[953]: |   . . ..+     o=|
[   32.230100] cloud-init[953]: |      ....     .o|
[   32.231867] cloud-init[953]: +----[SHA256]-----+
[   32.234760] cloud-init[953]: Generating public/private ed25519 key pair.
[   32.236894] cloud-init[953]: Your identification has been saved in /etc/ssh/ssh_host_ed25519_key.
[   32.239851] cloud-init[953]: Your public key has been saved in /etc/ssh/ssh_host_ed25519_key.pub.
[   32.242450] cloud-init[953]: The key fingerprint is:
[   32.244338] cloud-init[953]: SHA256:vlq74L6MjEAKQgqBHFe0ksiM3439Rlz7j3hYR8jr5xI root@ubuntu-xenial
[   32.246953] cloud-init[953]: The key's randomart image is:
[   32.249121] cloud-init[953]: +--[ED25519 256]--+
[   32.251085] cloud-init[953]: |+...oo           |
[   32.252996] cloud-init[953]: |=oo . .          |
[   32.255126] cloud-init[953]: |o= o .    .. .   |
[   32.257459] cloud-init[953]: |+. ..+ . . .o .  |
[   32.259895] cloud-init[953]: |+.. o o S .  o   |
[   32.262282] cloud-init[953]: |=      +   .E .  |
[   32.264666] cloud-init[953]: |o     . =  +.o   |
[   32.267016] cloud-init[953]: | . o + + o..+o.  |
[   32.269372] cloud-init[953]: |  . o.*o+....+o  |
[   32.271750] cloud-init[953]: +----[SHA256]-----+
         Starting Accounts Service...
[[0;32m  OK  [0m] Started ACPI event daemon.
[[0;32m  OK  [0m] Started FUSE filesystem for LXC.
         Starting Login Service...
         Starting LSB: Record successful boot for GRUB...
         Starting LSB: MD monitoring daemon...
[[0;32m  OK  [0m] Started Regular background program processing daemon.
         Starting Snappy daemon...
         Starting Virtualbox guest utils...
[[0;32m  OK  [0m] Started Deferred execution scheduler.
         Starting /etc/rc.local Compatibility...
         Starting LXD - container startup/shutdown...
[[0;32m  OK  [0m] Started System Logging Service.
[[0;32m  OK  [0m] Started Login Service.
[[0;32m  OK  [0m] Started Unattended Upgrades Shutdown.
[[0;32m  OK  [0m] Started LSB: Record successful boot for GRUB.
[[0;32m  OK  [0m] Started iSCSI initiator daemon (iscsid).
         Starting Login to default iSCSI targets...
[[0;32m  OK  [0m] Started /etc/rc.local Compatibility.
[[0;32m  OK  [0m] Started Login to default iSCSI targets.
[[0;32m  OK  [0m] Reached target Remote File Systems (Pre).
[[0;32m  OK  [0m] Reached target Remote File Systems.
         Starting Permit User Sessions...
         Starting LSB: automatic crash report generation...
         Starting LSB: Set the CPU Frequency Scaling governor to "ondemand"...
         Starting LSB: daemon to balance interrupts for SMP systems...
[[0;32m  OK  [0m] Started LSB: MD monitoring daemon.
[[0;32m  OK  [0m] Started LSB: Set the CPU Frequency Scaling governor to "ondemand".
[[0;32m  OK  [0m] Started Permit User Sessions.
         Starting Hold until boot process finishes up...
         Starting Terminate Plymouth Boot Screen...
[[0;32m  OK  [0m] Started Hold until boot process finishes up.
[[0;32m  OK  [0m] Started Serial Getty on ttyS0.
[[0;32m  OK  [0m] Started Getty on tty1.
[[0;32m  OK  [0m] Reached target Login Prompts.
         Starting Set console scheme...
[[0;32m  OK  [0m] Started Terminate Plymouth Boot Screen.
[[0;32m  OK  [0m] Started LSB: automatic crash report generation.
[[0;32m  OK  [0m] Started Set console scheme.
[[0;32m  OK  [0m] Started LSB: daemon to balance interrupts for SMP systems.
[[0;32m  OK  [0m] Started Virtualbox guest utils.
[[0;32m  OK  [0m] Started Pollinate to seed the pseudo random number generator.
         Starting OpenBSD Secure Shell server...
         Starting Authenticate and Authorize Users to Run Privileged Tasks...
[[0;32m  OK  [0m] Started OpenBSD Secure Shell server.
[[0;32m  OK  [0m] Started Authenticate and Authorize Users to Run Privileged Tasks.
[[0;32m  OK  [0m] Started Accounts Service.
[[0;32m  OK  [0m] Started Snappy daemon.
         Starting Wait until snapd is fully seeded...
[[0;32m  OK  [0m] Started LXD - container startup/shutdown.
[[0;32m  OK  [0m] Created slice User Slice of vagrant.
         Starting User Manager for UID 1000...
[[0;32m  OK  [0m] Started Session 1 of user vagrant.

Ubuntu 16.04.6 LTS ubuntu-xenial ttyS0

ubuntu-xenial login: [   51.012726] cloud-init[1423]: Generating locales (this might take a while)...
[   65.131973] cloud-init[1423]:   en_US.UTF-8... done
[   65.136308] cloud-init[1423]: Generation complete.
[   71.779269] cloud-init[1423]: Cloud-init v. 19.4-33-gbb4131a2-0ubuntu1~16.04.1 running 'modules:config' at Wed, 24 Jun 2020 10:18:14 +0000. Up 45.37 seconds.
ci-info: no authorized SSH keys fingerprints found for user ubuntu.
<14>Jun 24 10:18:42 ec2: 
<14>Jun 24 10:18:42 ec2: #############################################################
<14>Jun 24 10:18:42 ec2: -----BEGIN SSH HOST KEY FINGERPRINTS-----
<14>Jun 24 10:18:42 ec2: 1024 SHA256:2fAY8HLYfo5v8CiEdUBMBgo75d9vL/KbxmccQTP9ggg root@ubuntu-xenial (DSA)
<14>Jun 24 10:18:42 ec2: 256 SHA256:fmy4ozRo9XFbz1PbHX5/BsXXHi9QzCc+/Es5xxjFxls root@ubuntu-xenial (ECDSA)
<14>Jun 24 10:18:42 ec2: 256 SHA256:vlq74L6MjEAKQgqBHFe0ksiM3439Rlz7j3hYR8jr5xI root@ubuntu-xenial (ED25519)
<14>Jun 24 10:18:42 ec2: 2048 SHA256:RUZ/FihP0ckPCLQhAGbEV16799JqmgaqT/YyuV6sNCQ root@ubuntu-xenial (RSA)
<14>Jun 24 10:18:42 ec2: -----END SSH HOST KEY FINGERPRINTS-----
<14>Jun 24 10:18:42 ec2: #############################################################
-----BEGIN SSH HOST KEY KEYS-----
ecdsa-sha2-nistp256 AAAAE2VjZHNhLXNoYTItbmlzdHAyNTYAAAAIbmlzdHAyNTYAAABBBK97YZdgBfZbnr8t3KzZjlhQriahYbgF8UNSQoZjT0XpsdPPaktX5zb+NnJjeuBo2czm9Qyr3qqafH8s3GLDcE0= root@ubuntu-xenial
ssh-ed25519 AAAAC3NzaC1lZDI1NTE5AAAAIOHvBMcZIu7EAHc74dffdkJQdwubSl65BGIC4xzS1D1y root@ubuntu-xenial
ssh-rsa AAAAB3NzaC1yc2EAAAADAQABAAABAQDj2G0bh05LxD9lqEo5NzkzbCG66ztJ1TQbRSWt8ElMKpNNh8qFw2C6TqgqY5BBglMtBy6yMHqWs7xk0nwjLK6CvKsUO4fZGyMUVn/Z0JBhdRCELfABm6iJHrho37ZDZ2PyVl8gF7r6XTV7DlQ/3qzcQGtlAYYYc/e/DPpPg3CrpGJ/qkt87MAeUY9TSRCyj0UofD5lq96XIS0q9pqT5TAwMFXX6fCIr1KgDEbGHS3OimrpyyuNSn8SQUligv+A09jC8oG0CoriqgAXmsTZpC5m+z9QDHOJPzsIFz0W7bmJv9cKRxuOMdHDpGiIbm45ENkr1vsqknTcyiE0jvkn2N6N root@ubuntu-xenial
-----END SSH HOST KEY KEYS-----
[   73.623367] cloud-init[1589]: Cloud-init v. 19.4-33-gbb4131a2-0ubuntu1~16.04.1 running 'modules:final' at Wed, 24 Jun 2020 10:18:41 +0000. Up 72.70 seconds.
[   73.623940] cloud-init[1589]: ci-info: no authorized SSH keys fingerprints found for user ubuntu.
[   73.624835] cloud-init[1589]: Cloud-init v. 19.4-33-gbb4131a2-0ubuntu1~16.04.1 finished at Wed, 24 Jun 2020 10:18:42 +0000. Datasource DataSourceNoCloud [seed=/dev/sdb][dsmode=net].  Up 73.59 seconds
